TN:
SF:src\App.tsx
FN:10,App
FNF:1
FNH:1
FNDA:10,App
DA:1,1
DA:2,1
DA:3,1
DA:4,1
DA:5,1
DA:6,1
DA:7,1
DA:8,1
DA:10,10
DA:11,10
DA:13,10
DA:14,10
DA:15,10
DA:16,10
DA:17,10
DA:18,10
DA:19,10
DA:20,10
DA:21,10
DA:22,10
DA:24,10
DA:25,10
DA:26,10
DA:27,10
DA:28,10
DA:29,10
DA:30,10
DA:32,10
DA:34,1
LF:29
LH:29
BRDA:10,0,0,10
BRDA:25,1,0,7
BRDA:26,2,0,1
BRDA:27,3,0,1
BRDA:28,4,0,1
BRF:5
BRH:5
end_of_record
TN:
SF:src\components\ConnectionForm.tsx
FN:7,ConnectionForm
FN:31,handleTest
FN:46,handleSave
FN:72,selectFolder
FN:82,handleEngineChange
FN:108,onChange
FN:126,onChange
FN:131,onChange
FN:139,onChange
FN:146,onChange
FN:153,onChange
FN:160,onChange
FNF:12
FNH:2
FNDA:15,ConnectionForm
FNDA:1,handleTest
FNDA:0,handleSave
FNDA:0,selectFolder
FNDA:0,handleEngineChange
FNDA:0,onChange
FNDA:0,onChange
FNDA:0,onChange
FNDA:0,onChange
FNDA:0,onChange
FNDA:0,onChange
FNDA:0,onChange
DA:1,1
DA:2,1
DA:3,1
DA:4,1
DA:5,1
DA:7,1
DA:8,15
DA:9,15
DA:10,15
DA:11,15
DA:15,15
DA:16,15
DA:17,15
DA:18,15
DA:19,15
DA:20,15
DA:21,15
DA:22,15
DA:23,15
DA:24,15
DA:25,15
DA:26,15
DA:28,15
DA:29,15
DA:31,15
DA:32,1
DA:33,1
DA:34,1
DA:35,1
DA:36,1
DA:37,1
DA:38,1
DA:39,1
DA:40,1
DA:41,0
DA:42,0
DA:43,0
DA:44,1
DA:46,15
DA:47,0
DA:50,0
DA:51,0
DA:52,0
DA:53,0
DA:54,0
DA:55,0
DA:57,0
DA:58,0
DA:59,0
DA:60,0
DA:61,0
DA:62,0
DA:63,0
DA:64,0
DA:65,0
DA:66,0
DA:67,0
DA:68,0
DA:69,0
DA:70,0
DA:72,15
DA:73,0
DA:74,0
DA:75,0
DA:76,0
DA:77,0
DA:78,0
DA:79,0
DA:80,0
DA:82,15
DA:83,0
DA:84,0
DA:85,0
DA:86,0
DA:87,0
DA:89,0
DA:90,0
DA:91,0
DA:92,0
DA:93,0
DA:94,0
DA:96,15
DA:97,15
DA:98,15
DA:99,15
DA:100,15
DA:101,15
DA:102,15
DA:104,15
DA:105,15
DA:106,15
DA:107,15
DA:108,15
DA:109,15
DA:111,15
DA:112,15
DA:113,15
DA:114,15
DA:115,15
DA:116,15
DA:117,15
DA:118,15
DA:119,15
DA:120,15
DA:122,15
DA:123,15
DA:124,15
DA:125,15
DA:126,15
DA:127,15
DA:128,15
DA:129,15
DA:130,15
DA:131,15
DA:132,15
DA:133,15
DA:135,15
DA:136,15
DA:137,15
DA:138,15
DA:139,15
DA:140,15
DA:141,15
DA:142,15
DA:143,15
DA:144,15
DA:145,15
DA:146,15
DA:147,15
DA:148,15
DA:150,15
DA:151,15
DA:152,15
DA:153,15
DA:154,15
DA:156,15
DA:157,15
DA:158,15
DA:159,15
DA:160,15
DA:161,15
DA:162,15
DA:163,15
DA:164,15
DA:165,15
DA:167,15
DA:168,15
DA:169,15
DA:170,15
DA:172,15
DA:174,15
DA:175,1
DA:176,1
DA:177,1
DA:179,15
DA:180,0
DA:181,0
DA:182,0
DA:184,15
DA:185,15
DA:187,15
DA:188,15
DA:189,15
DA:190,15
DA:191,15
DA:192,15
DA:194,15
LF:167
LH:121
BRDA:7,0,0,15
BRDA:17,1,0,2
BRDA:17,2,0,13
BRDA:18,3,0,2
BRDA:18,4,0,13
BRDA:19,5,0,2
BRDA:19,6,0,14
BRDA:20,7,0,2
BRDA:20,8,0,14
BRDA:21,9,0,2
BRDA:21,10,0,14
BRDA:22,11,0,2
BRDA:22,12,0,14
BRDA:24,13,0,2
BRDA:24,14,0,14
BRDA:25,15,0,2
BRDA:25,16,0,14
BRDA:100,17,0,2
BRDA:100,18,0,13
BRDA:143,19,0,2
BRDA:143,20,0,13
BRDA:170,21,0,1
BRDA:170,22,0,14
BRDA:174,23,0,1
BRDA:179,24,0,0
BRDA:31,25,0,1
BRDA:40,26,0,0
BRF:27
BRH:25
end_of_record
TN:
SF:src\components\Sidebar.tsx
FN:5,Sidebar
FN:32,onClick
FNF:2
FNH:2
FNDA:33,Sidebar
FNDA:6,onClick
DA:1,1
DA:2,1
DA:3,1
DA:5,1
DA:6,33
DA:8,33
DA:9,16
DA:10,33
DA:12,33
DA:13,33
DA:14,33
DA:15,33
DA:16,33
DA:17,33
DA:19,33
DA:20,33
DA:21,33
DA:23,33
DA:25,33
DA:26,33
DA:27,132
DA:28,132
DA:29,132
DA:30,132
DA:31,132
DA:32,132
DA:33,132
DA:34,132
DA:35,132
DA:37,132
DA:38,132
DA:39,132
DA:41,33
DA:42,33
DA:44,33
DA:45,33
DA:46,33
DA:48,33
DA:49,33
DA:50,33
DA:51,33
DA:53,33
LF:42
LH:42
BRDA:5,0,0,33
BRDA:45,1,0,14
BRDA:45,2,0,19
BRDA:49,3,0,14
BRDA:49,4,0,19
BRDA:8,5,0,16
BRDA:9,6,0,16
BRDA:26,7,0,132
BRDA:35,8,0,33
BRDA:35,9,0,99
BRDA:37,10,0,33
BRDA:32,11,0,6
BRF:12
BRH:12
end_of_record
TN:
SF:src\pages\Backup.tsx
FN:13,Backup
FN:55,handleBackup
FN:80,getLogColor
FN:106,onChange
FNF:4
FNH:2
FNDA:22,Backup
FNDA:2,handleBackup
FNDA:0,getLogColor
FNDA:0,onChange
DA:1,1
DA:2,1
DA:3,1
DA:4,1
DA:13,1
DA:14,22
DA:15,22
DA:16,22
DA:17,22
DA:18,22
DA:19,22
DA:21,22
DA:22,12
DA:23,12
DA:24,12
DA:25,12
DA:26,12
DA:27,12
DA:29,12
DA:30,0
DA:31,0
DA:32,0
DA:34,0
DA:35,0
DA:36,0
DA:37,0
DA:38,0
DA:39,0
DA:42,0
DA:43,12
DA:45,12
DA:46,12
DA:47,12
DA:48,22
DA:50,22
DA:52,14
DA:53,22
DA:55,22
DA:56,2
DA:57,2
DA:58,2
DA:59,2
DA:61,2
DA:62,2
DA:63,2
DA:64,2
DA:65,2
DA:66,0
DA:67,0
DA:68,2
DA:69,2
DA:70,0
DA:71,0
DA:72,0
DA:73,0
DA:74,0
DA:75,0
DA:76,0
DA:77,0
DA:78,2
DA:80,22
DA:81,0
DA:82,0
DA:83,0
DA:84,0
DA:85,0
DA:86,0
DA:88,22
DA:89,22
DA:90,22
DA:91,22
DA:92,22
DA:93,22
DA:94,22
DA:95,22
DA:97,22
DA:99,22
DA:100,22
DA:101,22
DA:102,22
DA:103,22
DA:104,22
DA:105,22
DA:106,22
DA:108,22
DA:109,22
DA:110,20
DA:111,22
DA:112,22
DA:113,22
DA:115,22
DA:116,22
DA:117,22
DA:118,22
DA:120,22
DA:121,2
DA:123,20
DA:125,22
DA:126,22
DA:129,22
DA:130,4
DA:131,4
DA:132,4
DA:133,4
DA:134,4
DA:135,4
DA:136,4
DA:137,4
DA:138,4
DA:139,4
DA:140,4
DA:141,4
DA:145,22
DA:146,22
DA:147,22
DA:148,22
DA:149,22
DA:151,22
DA:152,22
DA:153,18
DA:155,18
DA:157,4
DA:158,0
DA:159,0
DA:160,0
DA:161,0
DA:162,0
DA:163,0
DA:164,0
DA:165,0
DA:166,4
DA:168,22
DA:169,22
DA:170,22
DA:173,22
DA:174,2
DA:175,2
DA:176,2
DA:177,2
DA:178,2
DA:179,2
DA:180,2
DA:181,2
DA:183,22
DA:184,22
DA:186,22
LF:146
LH:112
BRDA:13,0,0,22
BRDA:108,1,0,12
BRDA:116,2,0,10
BRDA:120,3,0,2
BRDA:121,4,0,20
BRDA:129,5,0,20
BRDA:129,6,0,18
BRDA:129,7,0,4
BRDA:132,8,0,2
BRDA:132,9,0,2
BRDA:132,10,0,0
BRDA:137,11,0,0
BRDA:137,12,0,2
BRDA:137,13,0,2
BRDA:152,14,0,18
BRDA:155,15,0,4
BRDA:173,16,0,20
BRDA:173,17,0,2
BRDA:175,18,0,0
BRDA:177,19,0,0
BRDA:179,20,0,0
BRDA:21,21,0,12
BRDA:22,22,0,12
BRDA:45,23,0,12
BRDA:46,24,0,12
BRDA:50,25,0,14
BRDA:55,26,0,2
BRDA:56,27,0,0
BRDA:65,28,0,0
BRDA:69,29,0,0
BRDA:109,30,0,20
BRF:31
BRH:23
end_of_record
TN:
SF:src\pages\Connections.tsx
FN:7,Connections
FN:12,loadConnections
FN:25,handleEdit
FN:30,handleDelete
FN:57,onClick
FN:91,onClick
FN:94,onClick
FN:107,onClose
FN:108,onSave
FNF:9
FNH:5
FNDA:23,Connections
FNDA:12,loadConnections
FNDA:1,handleEdit
FNDA:0,handleDelete
FNDA:1,onClick
FNDA:1,onClick
FNDA:0,onClick
FNDA:0,onClose
FNDA:0,onSave
DA:1,1
DA:2,1
DA:3,1
DA:4,1
DA:5,1
DA:7,1
DA:8,23
DA:9,23
DA:10,23
DA:12,23
DA:13,12
DA:14,12
DA:15,12
DA:16,12
DA:17,0
DA:18,0
DA:19,12
DA:21,23
DA:22,12
DA:23,23
DA:25,23
DA:26,1
DA:27,1
DA:28,1
DA:30,23
DA:31,0
DA:32,0
DA:33,0
DA:34,0
DA:35,0
DA:36,0
DA:37,0
DA:38,0
DA:39,0
DA:40,0
DA:42,23
DA:43,23
DA:44,23
DA:45,23
DA:46,23
DA:47,23
DA:49,23
DA:50,23
DA:51,23
DA:52,23
DA:53,23
DA:54,23
DA:55,23
DA:56,23
DA:57,23
DA:58,23
DA:60,23
DA:61,23
DA:62,23
DA:64,23
DA:65,23
DA:66,13
DA:67,13
DA:68,13
DA:69,13
DA:70,13
DA:72,10
DA:73,10
DA:74,20
DA:75,20
DA:76,20
DA:77,20
DA:78,20
DA:79,20
DA:80,20
DA:81,20
DA:82,20
DA:83,20
DA:85,20
DA:86,20
DA:87,20
DA:88,20
DA:90,20
DA:91,20
DA:92,20
DA:93,20
DA:94,20
DA:95,20
DA:96,20
DA:97,20
DA:98,20
DA:99,10
DA:100,10
DA:102,23
DA:104,23
DA:105,3
DA:106,3
DA:107,3
DA:108,3
DA:109,3
DA:111,23
DA:113,23
LF:97
LH:85
BRDA:7,0,0,23
BRDA:65,1,0,13
BRDA:70,2,0,10
BRDA:104,3,0,3
BRDA:12,4,0,12
BRDA:16,5,0,0
BRDA:21,6,0,12
BRDA:25,7,0,1
BRDA:57,8,0,1
BRDA:73,9,0,20
BRDA:80,10,0,0
BRDA:91,11,0,1
BRF:12
BRH:10
end_of_record
TN:
SF:src\pages\Dashboard.tsx
FN:5,Dashboard
FN:12,formatSize
FN:20,getEngineColor
FNF:3
FNH:3
FNDA:29,Dashboard
FNDA:36,formatSize
FNDA:24,getEngineColor
DA:1,1
DA:2,1
DA:3,1
DA:5,1
DA:6,29
DA:8,29
DA:9,17
DA:10,29
DA:12,29
DA:13,36
DA:14,24
DA:15,24
DA:16,24
DA:17,24
DA:18,36
DA:20,29
DA:21,24
DA:22,24
DA:23,24
DA:24,24
DA:25,24
DA:26,24
DA:27,24
DA:28,24
DA:30,29
DA:31,29
DA:32,29
DA:33,29
DA:34,29
DA:35,29
DA:36,29
DA:37,29
DA:39,29
DA:41,29
DA:42,29
DA:43,29
DA:44,29
DA:45,29
DA:46,29
DA:47,29
DA:48,29
DA:49,29
DA:50,29
DA:52,29
DA:53,29
DA:54,29
DA:55,29
DA:56,29
DA:57,29
DA:58,29
DA:59,29
DA:60,29
DA:62,29
DA:63,29
DA:64,29
DA:65,29
DA:66,29
DA:67,29
DA:68,29
DA:69,29
DA:70,29
DA:72,29
DA:73,29
DA:74,29
DA:75,29
DA:76,29
DA:77,29
DA:78,29
DA:79,29
DA:80,29
DA:81,29
DA:84,29
DA:85,29
DA:86,29
DA:87,29
DA:88,29
DA:90,29
DA:91,17
DA:93,12
DA:94,12
DA:95,24
DA:96,24
DA:97,24
DA:98,12
DA:100,12
DA:102,24
DA:103,24
DA:104,24
DA:105,24
DA:106,24
DA:107,24
DA:108,24
DA:109,24
DA:110,24
DA:111,24
DA:112,24
DA:113,24
DA:114,12
DA:115,12
DA:117,29
DA:118,29
DA:119,29
DA:121,29
LF:103
LH:103
BRDA:5,0,0,29
BRDA:48,1,0,12
BRDA:48,2,0,17
BRDA:58,3,0,12
BRDA:58,4,0,17
BRDA:68,5,0,12
BRDA:68,6,0,17
BRDA:78,7,0,12
BRDA:78,8,0,17
BRDA:90,9,0,12
BRDA:90,10,0,12
BRDA:90,11,0,17
BRDA:91,12,0,12
BRDA:8,13,0,17
BRDA:9,14,0,17
BRDA:12,15,0,36
BRDA:13,16,0,12
BRDA:13,17,0,24
BRDA:20,18,0,24
BRDA:22,19,0,12
BRDA:23,20,0,12
BRDA:24,21,0,0
BRDA:25,22,0,0
BRDA:26,23,0,0
BRDA:94,24,0,24
BRDA:97,25,0,12
BRDA:98,26,0,12
BRF:27
BRH:24
end_of_record
TN:
SF:src\pages\History.tsx
FN:5,History
FN:15,loadLogs
FN:34,getEngineColor
FN:44,formatSize
FN:68,onChange
FN:75,onChange
FN:87,onChange
FN:127,onClick
FN:166,onClick
FN:238,onClick
FNF:10
FNH:6
FNDA:25,History
FNDA:13,loadLogs
FNDA:23,getEngineColor
FNDA:25,formatSize
FNDA:1,onChange
FNDA:0,onChange
FNDA:0,onChange
FNDA:2,onClick
FNDA:0,onClick
FNDA:0,onClick
DA:1,1
DA:2,1
DA:3,1
DA:5,1
DA:6,25
DA:7,25
DA:8,25
DA:9,25
DA:11,25
DA:12,25
DA:13,25
DA:15,25
DA:16,13
DA:17,13
DA:18,13
DA:19,13
DA:20,13
DA:21,0
DA:22,0
DA:23,13
DA:24,13
DA:26,25
DA:27,13
DA:28,25
DA:30,25
DA:31,24
DA:32,25
DA:34,25
DA:35,23
DA:36,23
DA:37,23
DA:38,23
DA:39,23
DA:40,23
DA:41,23
DA:42,23
DA:44,25
DA:45,25
DA:46,13
DA:47,13
DA:48,13
DA:49,13
DA:50,25
DA:52,25
DA:53,25
DA:54,25
DA:55,25
DA:56,25
DA:57,25
DA:58,25
DA:60,25
DA:61,25
DA:62,25
DA:63,25
DA:64,25
DA:65,25
DA:66,25
DA:67,25
DA:68,25
DA:69,25
DA:70,25
DA:72,25
DA:73,25
DA:74,25
DA:75,25
DA:77,25
DA:78,25
DA:79,25
DA:80,25
DA:81,25
DA:82,25
DA:84,25
DA:85,25
DA:86,25
DA:87,25
DA:89,25
DA:90,25
DA:91,25
DA:92,25
DA:93,25
DA:94,25
DA:96,25
DA:97,25
DA:98,25
DA:99,25
DA:100,25
DA:101,25
DA:102,25
DA:103,25
DA:104,25
DA:105,25
DA:106,25
DA:107,25
DA:108,25
DA:109,25
DA:110,25
DA:111,13
DA:112,13
DA:113,13
DA:114,12
DA:115,0
DA:116,0
DA:117,0
DA:118,0
DA:119,0
DA:120,0
DA:121,0
DA:122,0
DA:124,12
DA:125,23
DA:126,23
DA:127,23
DA:128,23
DA:130,23
DA:131,23
DA:132,23
DA:133,23
DA:134,23
DA:135,23
DA:136,23
DA:137,23
DA:138,23
DA:139,23
DA:140,23
DA:141,11
DA:142,11
DA:143,11
DA:145,12
DA:146,12
DA:147,12
DA:149,23
DA:150,23
DA:151,12
DA:153,25
DA:154,25
DA:155,25
DA:156,25
DA:159,25
DA:160,2
DA:161,2
DA:162,2
DA:163,2
DA:164,2
DA:165,2
DA:166,2
DA:167,2
DA:169,2
DA:170,2
DA:171,2
DA:172,2
DA:173,2
DA:174,2
DA:175,2
DA:176,2
DA:177,2
DA:178,2
DA:179,2
DA:180,2
DA:181,2
DA:183,2
DA:184,2
DA:185,2
DA:186,2
DA:187,2
DA:188,2
DA:189,2
DA:190,2
DA:191,2
DA:192,2
DA:194,2
DA:195,2
DA:196,2
DA:197,2
DA:198,2
DA:199,2
DA:200,2
DA:201,2
DA:202,2
DA:203,2
DA:205,2
DA:206,2
DA:207,2
DA:208,2
DA:209,2
DA:210,2
DA:212,2
DA:213,2
DA:214,2
DA:215,2
DA:216,2
DA:217,2
DA:218,2
DA:219,2
DA:220,2
DA:221,2
DA:223,2
DA:224,0
DA:225,0
DA:226,0
DA:227,0
DA:228,0
DA:229,0
DA:230,0
DA:231,0
DA:235,2
DA:236,2
DA:237,2
DA:238,2
DA:239,2
DA:241,2
DA:242,2
DA:243,2
DA:245,2
DA:246,0
DA:247,0
DA:248,0
DA:249,0
DA:250,0
DA:252,2
DA:254,2
DA:255,2
DA:256,2
DA:258,25
DA:260,25
LF:224
LH:201
BRDA:5,0,0,25
BRDA:110,1,0,13
BRDA:113,2,0,12
BRDA:114,3,0,0
BRDA:159,4,0,2
BRDA:177,5,0,0
BRDA:219,6,0,0
BRDA:223,7,0,0
BRDA:242,8,0,0
BRDA:245,9,0,0
BRDA:15,10,0,13
BRDA:20,11,0,0
BRDA:26,12,0,13
BRDA:30,13,0,24
BRDA:34,14,0,23
BRDA:36,15,0,11
BRDA:37,16,0,12
BRDA:38,17,0,0
BRDA:39,18,0,0
BRDA:40,19,0,0
BRDA:44,20,0,25
BRDA:45,21,0,24
BRDA:45,22,0,12
BRDA:45,23,0,13
BRDA:68,24,0,1
BRDA:124,25,0,23
BRDA:140,26,0,11
BRDA:143,27,0,12
BRDA:127,28,0,2
BRF:29
BRH:19
end_of_record
